<?xml version="1.0" encoding="UTF-8"?>
<!-- Generated by org.testng.reporters.JUnitXMLReporter -->
<testsuite ignored="0" hostname="Saileshs-MacBook-Air.local" failures="0" tests="4" name="Default test" time="33.483" errors="0" timestamp="2024-02-25T19:13:21 NPT">
  <testcase classname="demoblazeAutomation.tests.LoginTest" name="login" time="1.193"/>
  <testcase classname="demoblazeAutomation.tests.LoginTest" name="login" time="2.09"/>
  <testcase classname="demoblazeAutomation.tests.LoginTest" name="login" time="2.027"/>
  <testcase classname="demoblazeAutomation.tests.LoginTest" name="login" time="3.329"/>
</testsuite> <!-- Default test -->
