<?xml version="1.0" encoding="UTF-8"?>
<!-- Generated by org.testng.reporters.JUnitXMLReporter -->
<testsuite ignored="0" hostname="Saileshs-MacBook-Air.local" failures="0" tests="4" name="Default test" time="29.496" errors="0" timestamp="2024-02-25T18:53:52 NPT">
  <testcase classname="demoblazeAutomation.tests.LoginTest" name="login" time="0.77"/>
  <testcase classname="demoblazeAutomation.tests.LoginTest" name="login" time="1.714"/>
  <testcase classname="demoblazeAutomation.tests.LoginTest" name="login" time="1.654"/>
  <testcase classname="demoblazeAutomation.tests.LoginTest" name="login" time="3.329"/>
</testsuite> <!-- Default test -->
