<?xml version="1.0" encoding="UTF-8"?>
<!-- Generated by org.testng.reporters.JUnitXMLReporter -->
<testsuite ignored="0" hostname="Saileshs-MacBook-Air.local" failures="3" tests="4" name="Test" time="68.17" errors="0" timestamp="2024-02-24T14:20:02 NPT">
  <testcase classname="demoblazeAutomation.tests.LoginTest" name="login" time="0.712">
    <failure type="java.lang.AssertionError" message="Please fill out Username and Password. expected:&amp;lt;Please fill out Username and Password.&amp;gt; but was:&amp;lt;Message when username and password are empty didnot match&amp;gt;">
      <![CDATA[java.lang.AssertionError: Please fill out Username and Password. expected:<Please fill out Username and Password.> but was:<Message when username and password are empty didnot match>
at demoblazeAutomation.tests.LoginTest.login(LoginTest.java:31)
at java.base/java.util.ArrayList.forEach(ArrayList.java:1511)
... Removed 28 stack frames]]>
    </failure>
  </testcase> <!-- login -->
  <testcase classname="demoblazeAutomation.tests.LoginTest" name="login" time="1.748">
    <failure type="java.lang.AssertionError" message="User does not exist. expected:&amp;lt;User does not exist.&amp;gt; but was:&amp;lt;Message when username is invalid didnot match&amp;gt;">
      <![CDATA[java.lang.AssertionError: User does not exist. expected:<User does not exist.> but was:<Message when username is invalid didnot match>
at demoblazeAutomation.tests.LoginTest.login(LoginTest.java:38)
at java.base/java.util.ArrayList.forEach(ArrayList.java:1511)
... Removed 28 stack frames]]>
    </failure>
  </testcase> <!-- login -->
  <testcase classname="demoblazeAutomation.tests.LoginTest" name="login" time="21.778">
    <failure type="java.lang.AssertionError" message="Wrong password. expected:&amp;lt;Wrong password.&amp;gt; but was:&amp;lt;Message when password is invalid didnot match&amp;gt;">
      <![CDATA[java.lang.AssertionError: Wrong password. expected:<Wrong password.> but was:<Message when password is invalid didnot match>
at demoblazeAutomation.tests.LoginTest.login(LoginTest.java:45)
at java.base/java.util.ArrayList.forEach(ArrayList.java:1511)
... Removed 28 stack frames]]>
    </failure>
  </testcase> <!-- login -->
  <testcase classname="demoblazeAutomation.tests.LoginTest" name="login" time="0.605"/>
</testsuite> <!-- Test -->
