<?xml version="1.0" encoding="UTF-8"?>
<!-- Generated by org.testng.reporters.JUnitXMLReporter -->
<testsuite ignored="0" hostname="Saileshs-MacBook-Air.local" failures="0" tests="4" name="Test" time="28.285" errors="0" timestamp="2024-02-25T18:17:23 NPT">
  <testcase classname="demoblazeAutomation.tests.LoginTest" name="login" time="0.834"/>
  <testcase classname="demoblazeAutomation.tests.LoginTest" name="login" time="1.685"/>
  <testcase classname="demoblazeAutomation.tests.LoginTest" name="login" time="1.683"/>
  <testcase classname="demoblazeAutomation.tests.LoginTest" name="login" time="0.627"/>
</testsuite> <!-- Test -->
