<?xml version="1.0" encoding="UTF-8"?>
<testng-results ignored="0" total="4" passed="4" failed="0" skipped="0">
  <reporter-output>
  </reporter-output>
  <suite started-at="2024-02-25T19:12:47 NPT" name="Default suite" finished-at="2024-02-25T19:13:21 NPT" duration-ms="33483">
    <groups>
    </groups>
    <test started-at="2024-02-25T19:12:47 NPT" name="Default test" finished-at="2024-02-25T19:13:21 NPT" duration-ms="33483">
      <class name="demoblazeAutomation.tests.LoginTest">
        <test-method is-config="true" signature="beforeSuite()[pri:0, instance:demoblazeAutomation.tests.LoginTest@11392934]" started-at="2024-02-25T19:12:47 NPT" name="beforeSuite" finished-at="2024-02-25T19:12:47 NPT" duration-ms="392" status="PASS">
          <reporter-output>
          </reporter-output>
        </test-method> <!-- beforeSuite -->
        <test-method is-config="true" signature="launchBrowser()[pri:0, instance:demoblazeAutomation.tests.LoginTest@11392934]" started-at="2024-02-25T19:12:48 NPT" name="launchBrowser" finished-at="2024-02-25T19:12:54 NPT" duration-ms="6924" status="PASS">
          <reporter-output>
          </reporter-output>
        </test-method> <!-- launchBrowser -->
        <test-method signature="login(java.util.HashMap)[pri:1, instance:demoblazeAutomation.tests.LoginTest@11392934]" started-at="2024-02-25T19:12:54 NPT" name="login" data-provider="loginDataFromJSON" finished-at="2024-02-25T19:12:56 NPT" duration-ms="1193" status="PASS">
          <params>
            <param index="0">
              <value>
                <![CDATA[{password=, message=Please fill out Username and Password., validation=empty, username=}]]>
              </value>
            </param>
          </params>
          <reporter-output>
          </reporter-output>
        </test-method> <!-- login -->
        <test-method is-config="true" signature="teardown()[pri:0, instance:demoblazeAutomation.tests.LoginTest@11392934]" started-at="2024-02-25T19:12:56 NPT" name="teardown" finished-at="2024-02-25T19:12:56 NPT" duration-ms="737" status="PASS">
          <reporter-output>
          </reporter-output>
        </test-method> <!-- teardown -->
        <test-method is-config="true" signature="launchBrowser()[pri:0, instance:demoblazeAutomation.tests.LoginTest@11392934]" started-at="2024-02-25T19:12:56 NPT" name="launchBrowser" finished-at="2024-02-25T19:13:01 NPT" duration-ms="5022" status="PASS">
          <reporter-output>
          </reporter-output>
        </test-method> <!-- launchBrowser -->
        <test-method signature="login(java.util.HashMap)[pri:1, instance:demoblazeAutomation.tests.LoginTest@11392934]" started-at="2024-02-25T19:13:01 NPT" name="login" data-provider="loginDataFromJSON" finished-at="2024-02-25T19:13:04 NPT" duration-ms="2090" status="PASS">
          <params>
            <param index="0">
              <value>
                <![CDATA[{password=hello, message=User does not exist., validation=wronguser, username=Jessyca.Kuhic}]]>
              </value>
            </param>
          </params>
          <reporter-output>
          </reporter-output>
        </test-method> <!-- login -->
        <test-method is-config="true" signature="teardown()[pri:0, instance:demoblazeAutomation.tests.LoginTest@11392934]" started-at="2024-02-25T19:13:04 NPT" name="teardown" finished-at="2024-02-25T19:13:04 NPT" duration-ms="609" status="PASS">
          <reporter-output>
          </reporter-output>
        </test-method> <!-- teardown -->
        <test-method is-config="true" signature="launchBrowser()[pri:0, instance:demoblazeAutomation.tests.LoginTest@11392934]" started-at="2024-02-25T19:13:04 NPT" name="launchBrowser" finished-at="2024-02-25T19:13:09 NPT" duration-ms="5179" status="PASS">
          <reporter-output>
          </reporter-output>
        </test-method> <!-- launchBrowser -->
        <test-method signature="login(java.util.HashMap)[pri:1, instance:demoblazeAutomation.tests.LoginTest@11392934]" started-at="2024-02-25T19:13:09 NPT" name="login" data-provider="loginDataFromJSON" finished-at="2024-02-25T19:13:11 NPT" duration-ms="2027" status="PASS">
          <params>
            <param index="0">
              <value>
                <![CDATA[{password=s3cret, message=Wrong password., validation=wrongpassword, username=hello1x2}]]>
              </value>
            </param>
          </params>
          <reporter-output>
          </reporter-output>
        </test-method> <!-- login -->
        <test-method is-config="true" signature="teardown()[pri:0, instance:demoblazeAutomation.tests.LoginTest@11392934]" started-at="2024-02-25T19:13:11 NPT" name="teardown" finished-at="2024-02-25T19:13:12 NPT" duration-ms="616" status="PASS">
          <reporter-output>
          </reporter-output>
        </test-method> <!-- teardown -->
        <test-method is-config="true" signature="launchBrowser()[pri:0, instance:demoblazeAutomation.tests.LoginTest@11392934]" started-at="2024-02-25T19:13:12 NPT" name="launchBrowser" finished-at="2024-02-25T19:13:17 NPT" duration-ms="4648" status="PASS">
          <reporter-output>
          </reporter-output>
        </test-method> <!-- launchBrowser -->
        <test-method signature="login(java.util.HashMap)[pri:1, instance:demoblazeAutomation.tests.LoginTest@11392934]" started-at="2024-02-25T19:13:17 NPT" name="login" data-provider="loginDataFromJSON" finished-at="2024-02-25T19:13:20 NPT" duration-ms="3329" status="PASS">
          <params>
            <param index="0">
              <value>
                <![CDATA[{password=hello, message=, validation=success, username=hello1x2}]]>
              </value>
            </param>
          </params>
          <reporter-output>
          </reporter-output>
        </test-method> <!-- login -->
        <test-method is-config="true" signature="teardown()[pri:0, instance:demoblazeAutomation.tests.LoginTest@11392934]" started-at="2024-02-25T19:13:20 NPT" name="teardown" finished-at="2024-02-25T19:13:21 NPT" duration-ms="675" status="PASS">
          <reporter-output>
          </reporter-output>
        </test-method> <!-- teardown -->
      </class> <!-- demoblazeAutomation.tests.LoginTest -->
    </test> <!-- Default test -->
  </suite> <!-- Default suite -->
</testng-results>
